[ 2015-12-16T15:27:32+08:00 ] 127.0.0.1 /edit
INFO: [ route_check ] --START--
INFO: CheckRoute Behavior ::run [ RunTime:0.001604s ]
INFO: [ route_check ] --END-- [ RunTime:0.001746s ]
NOTIC: [8] Use of undefined constant TMPL_PARSE_STRING - assumed 'TMPL_PARSE_STRING' E:\htdocs\readolist\Application\Conf\config.php 第 82 行.
NOTIC: [8] Constant ADMIN_USER already defined E:\htdocs\readolist\Application\Conf\config.php 第 86 行.
NOTIC: [8] Constant MIN_SOFT already defined E:\htdocs\readolist\Application\Conf\config.php 第 88 行.
NOTIC: [8] Constant COVER_BUCKET already defined E:\htdocs\readolist\Application\Conf\config.php 第 91 行.
NOTIC: [8] Constant COVER_OBJECT already defined E:\htdocs\readolist\Application\Conf\config.php 第 92 行.
NOTIC: [8] Constant OSS_ORI_AVATAR already defined E:\htdocs\readolist\Application\Conf\config.php 第 95 行.
NOTIC: [8] Constant OSS_AVATAR already defined E:\htdocs\readolist\Application\Conf\config.php 第 96 行.
NOTIC: [8] Constant OSS_AVATAR_RULE already defined E:\htdocs\readolist\Application\Conf\config.php 第 97 行.
NOTIC: [8] Constant OSS_NOTE_RULE already defined E:\htdocs\readolist\Application\Conf\config.php 第 98 行.
NOTIC: [8] Constant OSS_COVER already defined E:\htdocs\readolist\Application\Conf\config.php 第 101 行.
NOTIC: [8] Constant OSS_COVER_RULE already defined E:\htdocs\readolist\Application\Conf\config.php 第 102 行.
NOTIC: [8] Constant SMS_APP_ID already defined E:\htdocs\readolist\Application\Conf\config.php 第 105 行.
NOTIC: [8] Constant SMS_APP_SECRTE already defined E:\htdocs\readolist\Application\Conf\config.php 第 106 行.
NOTIC: [8] Constant RETURN_URL already defined E:\htdocs\readolist\Application\Conf\config.php 第 107 行.
NOTIC: [8] Constant MY_SUPER_KEY already defined E:\htdocs\readolist\Application\Conf\config.php 第 109 行.
INFO: [ app_begin ] --START--
INFO: ReadHtmlCache Behavior ::run [ RunTime:0.000838s ]
INFO: [ app_begin ] --END-- [ RunTime:0.000947s ]
NOTIC: [2048] Declaration of QreditAction::show() should be compatible with that of Action::show() E:\htdocs\readolist\Application\Lib\Action\QreditAction.class.php 第 88 行.
INFO: [ view_parse ] --START--
INFO: ParseTemplate Behavior ::run [ RunTime:0.025803s ]
INFO: [ view_parse ] --END-- [ RunTime:0.025938s ]
INFO: [ view_filter ] --START--
INFO: ContentReplace Behavior ::run [ RunTime:0.000775s ]
INFO: TokenBuild Behavior ::run [ RunTime:0.000710s ]
INFO: WriteHtmlCache Behavior ::run [ RunTime:0.000581s ]
INFO: ShowRuntime Behavior ::run [ RunTime:0.000786s ]
INFO: [ view_filter ] --END-- [ RunTime:0.003119s ]
INFO: [ view_end ] --START--
INFO: ShowPageTrace Behavior ::run [ RunTime:0.000842s ]
INFO: [ view_end ] --END-- [ RunTime:0.000941s ]

[ 2015-12-16T15:30:31+08:00 ] 127.0.0.1 /edit
INFO: [ route_check ] --START--
INFO: CheckRoute Behavior ::run [ RunTime:0.001812s ]
INFO: [ route_check ] --END-- [ RunTime:0.001966s ]
NOTIC: [8] Use of undefined constant TMPL_PARSE_STRING - assumed 'TMPL_PARSE_STRING' E:\htdocs\readolist\Application\Conf\config.php 第 82 行.
NOTIC: [8] Constant ADMIN_USER already defined E:\htdocs\readolist\Application\Conf\config.php 第 86 行.
NOTIC: [8] Constant MIN_SOFT already defined E:\htdocs\readolist\Application\Conf\config.php 第 88 行.
NOTIC: [8] Constant COVER_BUCKET already defined E:\htdocs\readolist\Application\Conf\config.php 第 91 行.
NOTIC: [8] Constant COVER_OBJECT already defined E:\htdocs\readolist\Application\Conf\config.php 第 92 行.
NOTIC: [8] Constant OSS_ORI_AVATAR already defined E:\htdocs\readolist\Application\Conf\config.php 第 95 行.
NOTIC: [8] Constant OSS_AVATAR already defined E:\htdocs\readolist\Application\Conf\config.php 第 96 行.
NOTIC: [8] Constant OSS_AVATAR_RULE already defined E:\htdocs\readolist\Application\Conf\config.php 第 97 行.
NOTIC: [8] Constant OSS_NOTE_RULE already defined E:\htdocs\readolist\Application\Conf\config.php 第 98 行.
NOTIC: [8] Constant OSS_COVER already defined E:\htdocs\readolist\Application\Conf\config.php 第 101 行.
NOTIC: [8] Constant OSS_COVER_RULE already defined E:\htdocs\readolist\Application\Conf\config.php 第 102 行.
NOTIC: [8] Constant SMS_APP_ID already defined E:\htdocs\readolist\Application\Conf\config.php 第 105 行.
NOTIC: [8] Constant SMS_APP_SECRTE already defined E:\htdocs\readolist\Application\Conf\config.php 第 106 行.
NOTIC: [8] Constant RETURN_URL already defined E:\htdocs\readolist\Application\Conf\config.php 第 107 行.
NOTIC: [8] Constant MY_SUPER_KEY already defined E:\htdocs\readolist\Application\Conf\config.php 第 109 行.
INFO: [ app_begin ] --START--
INFO: ReadHtmlCache Behavior ::run [ RunTime:0.000831s ]
INFO: [ app_begin ] --END-- [ RunTime:0.000942s ]
NOTIC: [2048] Declaration of QreditAction::show() should be compatible with that of Action::show() E:\htdocs\readolist\Application\Lib\Action\QreditAction.class.php 第 88 行.
INFO: [ view_parse ] --START--
INFO: ParseTemplate Behavior ::run [ RunTime:0.011891s ]
INFO: [ view_parse ] --END-- [ RunTime:0.012044s ]
INFO: [ view_filter ] --START--
INFO: ContentReplace Behavior ::run [ RunTime:0.000768s ]
INFO: TokenBuild Behavior ::run [ RunTime:0.001378s ]
INFO: WriteHtmlCache Behavior ::run [ RunTime:0.001097s ]
INFO: ShowRuntime Behavior ::run [ RunTime:0.000921s ]
INFO: [ view_filter ] --END-- [ RunTime:0.004476s ]
INFO: [ view_end ] --START--
INFO: ShowPageTrace Behavior ::run [ RunTime:0.002184s ]
INFO: [ view_end ] --END-- [ RunTime:0.002315s ]

[ 2015-12-16T15:33:55+08:00 ] 127.0.0.1 /edit
INFO: [ route_check ] --START--
INFO: CheckRoute Behavior ::run [ RunTime:0.001552s ]
INFO: [ route_check ] --END-- [ RunTime:0.001677s ]
NOTIC: [8] Use of undefined constant TMPL_PARSE_STRING - assumed 'TMPL_PARSE_STRING' E:\htdocs\readolist\Application\Conf\config.php 第 82 行.
NOTIC: [8] Constant ADMIN_USER already defined E:\htdocs\readolist\Application\Conf\config.php 第 86 行.
NOTIC: [8] Constant MIN_SOFT already defined E:\htdocs\readolist\Application\Conf\config.php 第 88 行.
NOTIC: [8] Constant COVER_BUCKET already defined E:\htdocs\readolist\Application\Conf\config.php 第 91 行.
NOTIC: [8] Constant COVER_OBJECT already defined E:\htdocs\readolist\Application\Conf\config.php 第 92 行.
NOTIC: [8] Constant OSS_ORI_AVATAR already defined E:\htdocs\readolist\Application\Conf\config.php 第 95 行.
NOTIC: [8] Constant OSS_AVATAR already defined E:\htdocs\readolist\Application\Conf\config.php 第 96 行.
NOTIC: [8] Constant OSS_AVATAR_RULE already defined E:\htdocs\readolist\Application\Conf\config.php 第 97 行.
NOTIC: [8] Constant OSS_NOTE_RULE already defined E:\htdocs\readolist\Application\Conf\config.php 第 98 行.
NOTIC: [8] Constant OSS_COVER already defined E:\htdocs\readolist\Application\Conf\config.php 第 101 行.
NOTIC: [8] Constant OSS_COVER_RULE already defined E:\htdocs\readolist\Application\Conf\config.php 第 102 行.
NOTIC: [8] Constant SMS_APP_ID already defined E:\htdocs\readolist\Application\Conf\config.php 第 105 行.
NOTIC: [8] Constant SMS_APP_SECRTE already defined E:\htdocs\readolist\Application\Conf\config.php 第 106 行.
NOTIC: [8] Constant RETURN_URL already defined E:\htdocs\readolist\Application\Conf\config.php 第 107 行.
NOTIC: [8] Constant MY_SUPER_KEY already defined E:\htdocs\readolist\Application\Conf\config.php 第 109 行.
INFO: [ app_begin ] --START--
INFO: ReadHtmlCache Behavior ::run [ RunTime:0.000750s ]
INFO: [ app_begin ] --END-- [ RunTime:0.000853s ]
NOTIC: [2048] Declaration of QreditAction::show() should be compatible with that of Action::show() E:\htdocs\readolist\Application\Lib\Action\QreditAction.class.php 第 88 行.
INFO: [ view_parse ] --START--
INFO: ParseTemplate Behavior ::run [ RunTime:0.009691s ]
INFO: [ view_parse ] --END-- [ RunTime:0.009834s ]
INFO: [ view_filter ] --START--
INFO: ContentReplace Behavior ::run [ RunTime:0.000715s ]
INFO: TokenBuild Behavior ::run [ RunTime:0.000679s ]
INFO: WriteHtmlCache Behavior ::run [ RunTime:0.001429s ]
INFO: ShowRuntime Behavior ::run [ RunTime:0.000769s ]
INFO: [ view_filter ] --END-- [ RunTime:0.003864s ]
INFO: [ view_end ] --START--
INFO: ShowPageTrace Behavior ::run [ RunTime:0.000780s ]
INFO: [ view_end ] --END-- [ RunTime:0.000881s ]

[ 2015-12-16T15:34:29+08:00 ] 127.0.0.1 /edit
INFO: [ route_check ] --START--
INFO: CheckRoute Behavior ::run [ RunTime:0.001413s ]
INFO: [ route_check ] --END-- [ RunTime:0.001532s ]
NOTIC: [8] Use of undefined constant TMPL_PARSE_STRING - assumed 'TMPL_PARSE_STRING' E:\htdocs\readolist\Application\Conf\config.php 第 82 行.
NOTIC: [8] Constant ADMIN_USER already defined E:\htdocs\readolist\Application\Conf\config.php 第 86 行.
NOTIC: [8] Constant MIN_SOFT already defined E:\htdocs\readolist\Application\Conf\config.php 第 88 行.
NOTIC: [8] Constant COVER_BUCKET already defined E:\htdocs\readolist\Application\Conf\config.php 第 91 行.
NOTIC: [8] Constant COVER_OBJECT already defined E:\htdocs\readolist\Application\Conf\config.php 第 92 行.
NOTIC: [8] Constant OSS_ORI_AVATAR already defined E:\htdocs\readolist\Application\Conf\config.php 第 95 行.
NOTIC: [8] Constant OSS_AVATAR already defined E:\htdocs\readolist\Application\Conf\config.php 第 96 行.
NOTIC: [8] Constant OSS_AVATAR_RULE already defined E:\htdocs\readolist\Application\Conf\config.php 第 97 行.
NOTIC: [8] Constant OSS_NOTE_RULE already defined E:\htdocs\readolist\Application\Conf\config.php 第 98 行.
NOTIC: [8] Constant OSS_COVER already defined E:\htdocs\readolist\Application\Conf\config.php 第 101 行.
NOTIC: [8] Constant OSS_COVER_RULE already defined E:\htdocs\readolist\Application\Conf\config.php 第 102 行.
NOTIC: [8] Constant SMS_APP_ID already defined E:\htdocs\readolist\Application\Conf\config.php 第 105 行.
NOTIC: [8] Constant SMS_APP_SECRTE already defined E:\htdocs\readolist\Application\Conf\config.php 第 106 行.
NOTIC: [8] Constant RETURN_URL already defined E:\htdocs\readolist\Application\Conf\config.php 第 107 行.
NOTIC: [8] Constant MY_SUPER_KEY already defined E:\htdocs\readolist\Application\Conf\config.php 第 109 行.
INFO: [ app_begin ] --START--
INFO: ReadHtmlCache Behavior ::run [ RunTime:0.000744s ]
INFO: [ app_begin ] --END-- [ RunTime:0.000840s ]
NOTIC: [2048] Declaration of QreditAction::show() should be compatible with that of Action::show() E:\htdocs\readolist\Application\Lib\Action\QreditAction.class.php 第 88 行.
INFO: [ view_parse ] --START--
INFO: ParseTemplate Behavior ::run [ RunTime:0.009699s ]
INFO: [ view_parse ] --END-- [ RunTime:0.009841s ]
INFO: [ view_filter ] --START--
INFO: ContentReplace Behavior ::run [ RunTime:0.000739s ]
INFO: TokenBuild Behavior ::run [ RunTime:0.000680s ]
INFO: WriteHtmlCache Behavior ::run [ RunTime:0.000542s ]
INFO: ShowRuntime Behavior ::run [ RunTime:0.000810s ]
INFO: [ view_filter ] --END-- [ RunTime:0.003034s ]
INFO: [ view_end ] --START--
INFO: ShowPageTrace Behavior ::run [ RunTime:0.000809s ]
INFO: [ view_end ] --END-- [ RunTime:0.000906s ]

[ 2015-12-16T16:11:28+08:00 ] 127.0.0.1 /edit
INFO: [ route_check ] --START--
INFO: CheckRoute Behavior ::run [ RunTime:0.001526s ]
INFO: [ route_check ] --END-- [ RunTime:0.001673s ]
NOTIC: [8] Use of undefined constant TMPL_PARSE_STRING - assumed 'TMPL_PARSE_STRING' E:\htdocs\readolist\Application\Conf\config.php 第 82 行.
NOTIC: [8] Constant ADMIN_USER already defined E:\htdocs\readolist\Application\Conf\config.php 第 86 行.
NOTIC: [8] Constant MIN_SOFT already defined E:\htdocs\readolist\Application\Conf\config.php 第 88 行.
NOTIC: [8] Constant COVER_BUCKET already defined E:\htdocs\readolist\Application\Conf\config.php 第 91 行.
NOTIC: [8] Constant COVER_OBJECT already defined E:\htdocs\readolist\Application\Conf\config.php 第 92 行.
NOTIC: [8] Constant OSS_ORI_AVATAR already defined E:\htdocs\readolist\Application\Conf\config.php 第 95 行.
NOTIC: [8] Constant OSS_AVATAR already defined E:\htdocs\readolist\Application\Conf\config.php 第 96 行.
NOTIC: [8] Constant OSS_AVATAR_RULE already defined E:\htdocs\readolist\Application\Conf\config.php 第 97 行.
NOTIC: [8] Constant OSS_NOTE_RULE already defined E:\htdocs\readolist\Application\Conf\config.php 第 98 行.
NOTIC: [8] Constant OSS_COVER already defined E:\htdocs\readolist\Application\Conf\config.php 第 101 行.
NOTIC: [8] Constant OSS_COVER_RULE already defined E:\htdocs\readolist\Application\Conf\config.php 第 102 行.
NOTIC: [8] Constant SMS_APP_ID already defined E:\htdocs\readolist\Application\Conf\config.php 第 105 行.
NOTIC: [8] Constant SMS_APP_SECRTE already defined E:\htdocs\readolist\Application\Conf\config.php 第 106 行.
NOTIC: [8] Constant RETURN_URL already defined E:\htdocs\readolist\Application\Conf\config.php 第 107 行.
NOTIC: [8] Constant MY_SUPER_KEY already defined E:\htdocs\readolist\Application\Conf\config.php 第 109 行.
INFO: [ app_begin ] --START--
INFO: ReadHtmlCache Behavior ::run [ RunTime:0.000763s ]
INFO: [ app_begin ] --END-- [ RunTime:0.000866s ]
NOTIC: [2048] Declaration of QreditAction::show() should be compatible with that of Action::show() E:\htdocs\readolist\Application\Lib\Action\QreditAction.class.php 第 88 行.
INFO: [ view_parse ] --START--
INFO: ParseTemplate Behavior ::run [ RunTime:0.008103s ]
INFO: [ view_parse ] --END-- [ RunTime:0.008241s ]
INFO: [ view_filter ] --START--
INFO: ContentReplace Behavior ::run [ RunTime:0.000645s ]
INFO: TokenBuild Behavior ::run [ RunTime:0.000666s ]
INFO: WriteHtmlCache Behavior ::run [ RunTime:0.000619s ]
INFO: ShowRuntime Behavior ::run [ RunTime:0.001737s ]
INFO: [ view_filter ] --END-- [ RunTime:0.003969s ]
INFO: [ view_end ] --START--
INFO: ShowPageTrace Behavior ::run [ RunTime:0.001054s ]
INFO: [ view_end ] --END-- [ RunTime:0.001185s ]

[ 2015-12-16T16:13:39+08:00 ] 127.0.0.1 /edit
INFO: [ route_check ] --START--
INFO: CheckRoute Behavior ::run [ RunTime:0.001506s ]
INFO: [ route_check ] --END-- [ RunTime:0.001639s ]
NOTIC: [8] Use of undefined constant TMPL_PARSE_STRING - assumed 'TMPL_PARSE_STRING' E:\htdocs\readolist\Application\Conf\config.php 第 82 行.
NOTIC: [8] Constant ADMIN_USER already defined E:\htdocs\readolist\Application\Conf\config.php 第 86 行.
NOTIC: [8] Constant MIN_SOFT already defined E:\htdocs\readolist\Application\Conf\config.php 第 88 行.
NOTIC: [8] Constant COVER_BUCKET already defined E:\htdocs\readolist\Application\Conf\config.php 第 91 行.
NOTIC: [8] Constant COVER_OBJECT already defined E:\htdocs\readolist\Application\Conf\config.php 第 92 行.
NOTIC: [8] Constant OSS_ORI_AVATAR already defined E:\htdocs\readolist\Application\Conf\config.php 第 95 行.
NOTIC: [8] Constant OSS_AVATAR already defined E:\htdocs\readolist\Application\Conf\config.php 第 96 行.
NOTIC: [8] Constant OSS_AVATAR_RULE already defined E:\htdocs\readolist\Application\Conf\config.php 第 97 行.
NOTIC: [8] Constant OSS_NOTE_RULE already defined E:\htdocs\readolist\Application\Conf\config.php 第 98 行.
NOTIC: [8] Constant OSS_COVER already defined E:\htdocs\readolist\Application\Conf\config.php 第 101 行.
NOTIC: [8] Constant OSS_COVER_RULE already defined E:\htdocs\readolist\Application\Conf\config.php 第 102 行.
NOTIC: [8] Constant SMS_APP_ID already defined E:\htdocs\readolist\Application\Conf\config.php 第 105 行.
NOTIC: [8] Constant SMS_APP_SECRTE already defined E:\htdocs\readolist\Application\Conf\config.php 第 106 行.
NOTIC: [8] Constant RETURN_URL already defined E:\htdocs\readolist\Application\Conf\config.php 第 107 行.
NOTIC: [8] Constant MY_SUPER_KEY already defined E:\htdocs\readolist\Application\Conf\config.php 第 109 行.
INFO: [ app_begin ] --START--
INFO: ReadHtmlCache Behavior ::run [ RunTime:0.000872s ]
INFO: [ app_begin ] --END-- [ RunTime:0.000982s ]
NOTIC: [2048] Declaration of QreditAction::show() should be compatible with that of Action::show() E:\htdocs\readolist\Application\Lib\Action\QreditAction.class.php 第 88 行.
INFO: [ view_parse ] --START--
INFO: ParseTemplate Behavior ::run [ RunTime:0.008150s ]
INFO: [ view_parse ] --END-- [ RunTime:0.008290s ]
INFO: [ view_filter ] --START--
INFO: ContentReplace Behavior ::run [ RunTime:0.000701s ]
INFO: TokenBuild Behavior ::run [ RunTime:0.000686s ]
INFO: WriteHtmlCache Behavior ::run [ RunTime:0.000520s ]
INFO: ShowRuntime Behavior ::run [ RunTime:0.000741s ]
INFO: [ view_filter ] --END-- [ RunTime:0.002914s ]
INFO: [ view_end ] --START--
INFO: ShowPageTrace Behavior ::run [ RunTime:0.000815s ]
INFO: [ view_end ] --END-- [ RunTime:0.000912s ]

[ 2015-12-16T17:13:59+08:00 ] 127.0.0.1 /m/day/detail
INFO: [ route_check ] --START--
INFO: CheckRoute Behavior ::run [ RunTime:0.001773s ]
INFO: [ route_check ] --END-- [ RunTime:0.001899s ]
NOTIC: [8] Use of undefined constant TMPL_PARSE_STRING - assumed 'TMPL_PARSE_STRING' E:\htdocs\readolist\Application\Conf\config.php 第 82 行.
NOTIC: [8] Constant ADMIN_USER already defined E:\htdocs\readolist\Application\Conf\config.php 第 86 行.
NOTIC: [8] Constant MIN_SOFT already defined E:\htdocs\readolist\Application\Conf\config.php 第 88 行.
NOTIC: [8] Constant COVER_BUCKET already defined E:\htdocs\readolist\Application\Conf\config.php 第 91 行.
NOTIC: [8] Constant COVER_OBJECT already defined E:\htdocs\readolist\Application\Conf\config.php 第 92 行.
NOTIC: [8] Constant OSS_ORI_AVATAR already defined E:\htdocs\readolist\Application\Conf\config.php 第 95 行.
NOTIC: [8] Constant OSS_AVATAR already defined E:\htdocs\readolist\Application\Conf\config.php 第 96 行.
NOTIC: [8] Constant OSS_AVATAR_RULE already defined E:\htdocs\readolist\Application\Conf\config.php 第 97 行.
NOTIC: [8] Constant OSS_NOTE_RULE already defined E:\htdocs\readolist\Application\Conf\config.php 第 98 行.
NOTIC: [8] Constant OSS_COVER already defined E:\htdocs\readolist\Application\Conf\config.php 第 101 行.
NOTIC: [8] Constant OSS_COVER_RULE already defined E:\htdocs\readolist\Application\Conf\config.php 第 102 行.
NOTIC: [8] Constant SMS_APP_ID already defined E:\htdocs\readolist\Application\Conf\config.php 第 105 行.
NOTIC: [8] Constant SMS_APP_SECRTE already defined E:\htdocs\readolist\Application\Conf\config.php 第 106 行.
NOTIC: [8] Constant RETURN_URL already defined E:\htdocs\readolist\Application\Conf\config.php 第 107 行.
NOTIC: [8] Constant MY_SUPER_KEY already defined E:\htdocs\readolist\Application\Conf\config.php 第 109 行.
INFO: [ app_begin ] --START--
INFO: ReadHtmlCache Behavior ::run [ RunTime:0.000826s ]
INFO: [ app_begin ] --END-- [ RunTime:0.000937s ]
NOTIC: [8] Undefined index: token E:\htdocs\readolist\Application\Lib\Action\WebCommonAction.class.php 第 25 行.
NOTIC: 建议使用I方法替代_post

[ 2015-12-16T17:14:13+08:00 ] 127.0.0.1 /m/save/info
INFO: [ route_check ] --START--
INFO: CheckRoute Behavior ::run [ RunTime:0.002115s ]
INFO: [ route_check ] --END-- [ RunTime:0.002453s ]
NOTIC: [8] Use of undefined constant TMPL_PARSE_STRING - assumed 'TMPL_PARSE_STRING' E:\htdocs\readolist\Application\Conf\config.php 第 82 行.
NOTIC: [8] Constant ADMIN_USER already defined E:\htdocs\readolist\Application\Conf\config.php 第 86 行.
NOTIC: [8] Constant MIN_SOFT already defined E:\htdocs\readolist\Application\Conf\config.php 第 88 行.
NOTIC: [8] Constant COVER_BUCKET already defined E:\htdocs\readolist\Application\Conf\config.php 第 91 行.
NOTIC: [8] Constant COVER_OBJECT already defined E:\htdocs\readolist\Application\Conf\config.php 第 92 行.
NOTIC: [8] Constant OSS_ORI_AVATAR already defined E:\htdocs\readolist\Application\Conf\config.php 第 95 行.
NOTIC: [8] Constant OSS_AVATAR already defined E:\htdocs\readolist\Application\Conf\config.php 第 96 行.
NOTIC: [8] Constant OSS_AVATAR_RULE already defined E:\htdocs\readolist\Application\Conf\config.php 第 97 行.
NOTIC: [8] Constant OSS_NOTE_RULE already defined E:\htdocs\readolist\Application\Conf\config.php 第 98 行.
NOTIC: [8] Constant OSS_COVER already defined E:\htdocs\readolist\Application\Conf\config.php 第 101 行.
NOTIC: [8] Constant OSS_COVER_RULE already defined E:\htdocs\readolist\Application\Conf\config.php 第 102 行.
NOTIC: [8] Constant SMS_APP_ID already defined E:\htdocs\readolist\Application\Conf\config.php 第 105 行.
NOTIC: [8] Constant SMS_APP_SECRTE already defined E:\htdocs\readolist\Application\Conf\config.php 第 106 行.
NOTIC: [8] Constant RETURN_URL already defined E:\htdocs\readolist\Application\Conf\config.php 第 107 行.
NOTIC: [8] Constant MY_SUPER_KEY already defined E:\htdocs\readolist\Application\Conf\config.php 第 109 行.
INFO: [ app_begin ] --START--
INFO: ReadHtmlCache Behavior ::run [ RunTime:0.001417s ]
INFO: [ app_begin ] --END-- [ RunTime:0.001561s ]
NOTIC: [8] Undefined index: token E:\htdocs\readolist\Application\Lib\Action\WebCommonAction.class.php 第 25 行.
NOTIC: 建议使用I方法替代_post
NOTIC: 建议使用I方法替代_post
NOTIC: 建议使用I方法替代_post
NOTIC: 建议使用I方法替代_post
NOTIC: 建议使用I方法替代_post
NOTIC: 建议使用I方法替代_post
NOTIC: 建议使用I方法替代_post

[ 2015-12-16T17:15:17+08:00 ] 127.0.0.1 /m/save/info
INFO: [ route_check ] --START--
INFO: CheckRoute Behavior ::run [ RunTime:0.001364s ]
INFO: [ route_check ] --END-- [ RunTime:0.001491s ]
NOTIC: [8] Use of undefined constant TMPL_PARSE_STRING - assumed 'TMPL_PARSE_STRING' E:\htdocs\readolist\Application\Conf\config.php 第 82 行.
NOTIC: [8] Constant ADMIN_USER already defined E:\htdocs\readolist\Application\Conf\config.php 第 86 行.
NOTIC: [8] Constant MIN_SOFT already defined E:\htdocs\readolist\Application\Conf\config.php 第 88 行.
NOTIC: [8] Constant COVER_BUCKET already defined E:\htdocs\readolist\Application\Conf\config.php 第 91 行.
NOTIC: [8] Constant COVER_OBJECT already defined E:\htdocs\readolist\Application\Conf\config.php 第 92 行.
NOTIC: [8] Constant OSS_ORI_AVATAR already defined E:\htdocs\readolist\Application\Conf\config.php 第 95 行.
NOTIC: [8] Constant OSS_AVATAR already defined E:\htdocs\readolist\Application\Conf\config.php 第 96 行.
NOTIC: [8] Constant OSS_AVATAR_RULE already defined E:\htdocs\readolist\Application\Conf\config.php 第 97 行.
NOTIC: [8] Constant OSS_NOTE_RULE already defined E:\htdocs\readolist\Application\Conf\config.php 第 98 行.
NOTIC: [8] Constant OSS_COVER already defined E:\htdocs\readolist\Application\Conf\config.php 第 101 行.
NOTIC: [8] Constant OSS_COVER_RULE already defined E:\htdocs\readolist\Application\Conf\config.php 第 102 行.
NOTIC: [8] Constant SMS_APP_ID already defined E:\htdocs\readolist\Application\Conf\config.php 第 105 行.
NOTIC: [8] Constant SMS_APP_SECRTE already defined E:\htdocs\readolist\Application\Conf\config.php 第 106 行.
NOTIC: [8] Constant RETURN_URL already defined E:\htdocs\readolist\Application\Conf\config.php 第 107 行.
NOTIC: [8] Constant MY_SUPER_KEY already defined E:\htdocs\readolist\Application\Conf\config.php 第 109 行.
INFO: [ app_begin ] --START--
INFO: ReadHtmlCache Behavior ::run [ RunTime:0.000812s ]
INFO: [ app_begin ] --END-- [ RunTime:0.000929s ]
NOTIC: [8] Undefined index: token E:\htdocs\readolist\Application\Lib\Action\WebCommonAction.class.php 第 25 行.
NOTIC: 建议使用I方法替代_post
NOTIC: 建议使用I方法替代_post
NOTIC: 建议使用I方法替代_post
NOTIC: 建议使用I方法替代_post
NOTIC: 建议使用I方法替代_post
NOTIC: 建议使用I方法替代_post
NOTIC: 建议使用I方法替代_post
NOTIC: [8] Undefined index: birthday E:\htdocs\readolist\Application\Lib\Service\UserService.class.php 第 26 行.
NOTIC: [8] Undefined index: school_id E:\htdocs\readolist\Application\Lib\Service\UserService.class.php 第 36 行.
SQL: SHOW COLUMNS FROM `ys_user` [ RunTime:0.004742s ]
ERR: 1146:Table 'read.ys_user' doesn't exist
 [ SQL语句 ] : SHOW COLUMNS FROM `ys_user`
SQL: SHOW COLUMNS FROM `ys_user_info` [ RunTime:0.016736s ]
SQL: UPDATE `ys_user_info` SET `avatar`='readoo/20151216/56712ba416bcc.jpg',`name`='sdfa',`sex`=null WHERE ( user_id=2 ) [ RunTime:0.020762s ]
SQL: SELECT * FROM `ys_user_info` WHERE ( user_id=2 ) LIMIT 1   [ RunTime:0.000362s ]

[ 2015-12-16T18:53:56+08:00 ] 127.0.0.1 /push
INFO: [ route_check ] --START--
INFO: CheckRoute Behavior ::run [ RunTime:0.001802s ]
INFO: [ route_check ] --END-- [ RunTime:0.001948s ]
NOTIC: [8] Use of undefined constant TMPL_PARSE_STRING - assumed 'TMPL_PARSE_STRING' E:\htdocs\readolist\Application\Conf\config.php 第 82 行.
NOTIC: [8] Constant ADMIN_USER already defined E:\htdocs\readolist\Application\Conf\config.php 第 86 行.
NOTIC: [8] Constant MIN_SOFT already defined E:\htdocs\readolist\Application\Conf\config.php 第 88 行.
NOTIC: [8] Constant COVER_BUCKET already defined E:\htdocs\readolist\Application\Conf\config.php 第 91 行.
NOTIC: [8] Constant COVER_OBJECT already defined E:\htdocs\readolist\Application\Conf\config.php 第 92 行.
NOTIC: [8] Constant OSS_ORI_AVATAR already defined E:\htdocs\readolist\Application\Conf\config.php 第 95 行.
NOTIC: [8] Constant OSS_AVATAR already defined E:\htdocs\readolist\Application\Conf\config.php 第 96 行.
NOTIC: [8] Constant OSS_AVATAR_RULE already defined E:\htdocs\readolist\Application\Conf\config.php 第 97 行.
NOTIC: [8] Constant OSS_NOTE_RULE already defined E:\htdocs\readolist\Application\Conf\config.php 第 98 行.
NOTIC: [8] Constant OSS_COVER already defined E:\htdocs\readolist\Application\Conf\config.php 第 101 行.
NOTIC: [8] Constant OSS_COVER_RULE already defined E:\htdocs\readolist\Application\Conf\config.php 第 102 行.
NOTIC: [8] Constant SMS_APP_ID already defined E:\htdocs\readolist\Application\Conf\config.php 第 105 行.
NOTIC: [8] Constant SMS_APP_SECRTE already defined E:\htdocs\readolist\Application\Conf\config.php 第 106 行.
NOTIC: [8] Constant RETURN_URL already defined E:\htdocs\readolist\Application\Conf\config.php 第 107 行.
NOTIC: [8] Constant MY_SUPER_KEY already defined E:\htdocs\readolist\Application\Conf\config.php 第 109 行.
INFO: [ app_begin ] --START--
INFO: ReadHtmlCache Behavior ::run [ RunTime:0.001721s ]
INFO: [ app_begin ] --END-- [ RunTime:0.001850s ]

[ 2015-12-16T18:54:34+08:00 ] 127.0.0.1 /push
INFO: [ route_check ] --START--
INFO: CheckRoute Behavior ::run [ RunTime:0.001217s ]
INFO: [ route_check ] --END-- [ RunTime:0.001340s ]
NOTIC: [8] Use of undefined constant TMPL_PARSE_STRING - assumed 'TMPL_PARSE_STRING' E:\htdocs\readolist\Application\Conf\config.php 第 82 行.
NOTIC: [8] Constant ADMIN_USER already defined E:\htdocs\readolist\Application\Conf\config.php 第 86 行.
NOTIC: [8] Constant MIN_SOFT already defined E:\htdocs\readolist\Application\Conf\config.php 第 88 行.
NOTIC: [8] Constant COVER_BUCKET already defined E:\htdocs\readolist\Application\Conf\config.php 第 91 行.
NOTIC: [8] Constant COVER_OBJECT already defined E:\htdocs\readolist\Application\Conf\config.php 第 92 行.
NOTIC: [8] Constant OSS_ORI_AVATAR already defined E:\htdocs\readolist\Application\Conf\config.php 第 95 行.
NOTIC: [8] Constant OSS_AVATAR already defined E:\htdocs\readolist\Application\Conf\config.php 第 96 行.
NOTIC: [8] Constant OSS_AVATAR_RULE already defined E:\htdocs\readolist\Application\Conf\config.php 第 97 行.
NOTIC: [8] Constant OSS_NOTE_RULE already defined E:\htdocs\readolist\Application\Conf\config.php 第 98 行.
NOTIC: [8] Constant OSS_COVER already defined E:\htdocs\readolist\Application\Conf\config.php 第 101 行.
NOTIC: [8] Constant OSS_COVER_RULE already defined E:\htdocs\readolist\Application\Conf\config.php 第 102 行.
NOTIC: [8] Constant SMS_APP_ID already defined E:\htdocs\readolist\Application\Conf\config.php 第 105 行.
NOTIC: [8] Constant SMS_APP_SECRTE already defined E:\htdocs\readolist\Application\Conf\config.php 第 106 行.
NOTIC: [8] Constant RETURN_URL already defined E:\htdocs\readolist\Application\Conf\config.php 第 107 行.
NOTIC: [8] Constant MY_SUPER_KEY already defined E:\htdocs\readolist\Application\Conf\config.php 第 109 行.
INFO: [ app_begin ] --START--
INFO: ReadHtmlCache Behavior ::run [ RunTime:0.001412s ]
INFO: [ app_begin ] --END-- [ RunTime:0.001563s ]

[ 2015-12-16T18:55:07+08:00 ] 127.0.0.1 /push
INFO: [ route_check ] --START--
INFO: CheckRoute Behavior ::run [ RunTime:0.001177s ]
INFO: [ route_check ] --END-- [ RunTime:0.001299s ]
NOTIC: [8] Use of undefined constant TMPL_PARSE_STRING - assumed 'TMPL_PARSE_STRING' E:\htdocs\readolist\Application\Conf\config.php 第 82 行.
NOTIC: [8] Constant ADMIN_USER already defined E:\htdocs\readolist\Application\Conf\config.php 第 86 行.
NOTIC: [8] Constant MIN_SOFT already defined E:\htdocs\readolist\Application\Conf\config.php 第 88 行.
NOTIC: [8] Constant COVER_BUCKET already defined E:\htdocs\readolist\Application\Conf\config.php 第 91 行.
NOTIC: [8] Constant COVER_OBJECT already defined E:\htdocs\readolist\Application\Conf\config.php 第 92 行.
NOTIC: [8] Constant OSS_ORI_AVATAR already defined E:\htdocs\readolist\Application\Conf\config.php 第 95 行.
NOTIC: [8] Constant OSS_AVATAR already defined E:\htdocs\readolist\Application\Conf\config.php 第 96 行.
NOTIC: [8] Constant OSS_AVATAR_RULE already defined E:\htdocs\readolist\Application\Conf\config.php 第 97 行.
NOTIC: [8] Constant OSS_NOTE_RULE already defined E:\htdocs\readolist\Application\Conf\config.php 第 98 行.
NOTIC: [8] Constant OSS_COVER already defined E:\htdocs\readolist\Application\Conf\config.php 第 101 行.
NOTIC: [8] Constant OSS_COVER_RULE already defined E:\htdocs\readolist\Application\Conf\config.php 第 102 行.
NOTIC: [8] Constant SMS_APP_ID already defined E:\htdocs\readolist\Application\Conf\config.php 第 105 行.
NOTIC: [8] Constant SMS_APP_SECRTE already defined E:\htdocs\readolist\Application\Conf\config.php 第 106 行.
NOTIC: [8] Constant RETURN_URL already defined E:\htdocs\readolist\Application\Conf\config.php 第 107 行.
NOTIC: [8] Constant MY_SUPER_KEY already defined E:\htdocs\readolist\Application\Conf\config.php 第 109 行.
INFO: [ app_begin ] --START--
INFO: ReadHtmlCache Behavior ::run [ RunTime:0.000616s ]
INFO: [ app_begin ] --END-- [ RunTime:0.000719s ]

[ 2015-12-16T18:56:11+08:00 ] 127.0.0.1 /push
INFO: [ route_check ] --START--
INFO: CheckRoute Behavior ::run [ RunTime:0.001457s ]
INFO: [ route_check ] --END-- [ RunTime:0.001590s ]
NOTIC: [8] Use of undefined constant TMPL_PARSE_STRING - assumed 'TMPL_PARSE_STRING' E:\htdocs\readolist\Application\Conf\config.php 第 82 行.
NOTIC: [8] Constant ADMIN_USER already defined E:\htdocs\readolist\Application\Conf\config.php 第 86 行.
NOTIC: [8] Constant MIN_SOFT already defined E:\htdocs\readolist\Application\Conf\config.php 第 88 行.
NOTIC: [8] Constant COVER_BUCKET already defined E:\htdocs\readolist\Application\Conf\config.php 第 91 行.
NOTIC: [8] Constant COVER_OBJECT already defined E:\htdocs\readolist\Application\Conf\config.php 第 92 行.
NOTIC: [8] Constant OSS_ORI_AVATAR already defined E:\htdocs\readolist\Application\Conf\config.php 第 95 行.
NOTIC: [8] Constant OSS_AVATAR already defined E:\htdocs\readolist\Application\Conf\config.php 第 96 行.
NOTIC: [8] Constant OSS_AVATAR_RULE already defined E:\htdocs\readolist\Application\Conf\config.php 第 97 行.
NOTIC: [8] Constant OSS_NOTE_RULE already defined E:\htdocs\readolist\Application\Conf\config.php 第 98 行.
NOTIC: [8] Constant OSS_COVER already defined E:\htdocs\readolist\Application\Conf\config.php 第 101 行.
NOTIC: [8] Constant OSS_COVER_RULE already defined E:\htdocs\readolist\Application\Conf\config.php 第 102 行.
NOTIC: [8] Constant SMS_APP_ID already defined E:\htdocs\readolist\Application\Conf\config.php 第 105 行.
NOTIC: [8] Constant SMS_APP_SECRTE already defined E:\htdocs\readolist\Application\Conf\config.php 第 106 行.
NOTIC: [8] Constant RETURN_URL already defined E:\htdocs\readolist\Application\Conf\config.php 第 107 行.
NOTIC: [8] Constant MY_SUPER_KEY already defined E:\htdocs\readolist\Application\Conf\config.php 第 109 行.
INFO: [ app_begin ] --START--
INFO: ReadHtmlCache Behavior ::run [ RunTime:0.000765s ]
INFO: [ app_begin ] --END-- [ RunTime:0.000874s ]

[ 2015-12-16T18:56:55+08:00 ] 127.0.0.1 /push
INFO: [ route_check ] --START--
INFO: CheckRoute Behavior ::run [ RunTime:0.001848s ]
INFO: [ route_check ] --END-- [ RunTime:0.001983s ]
NOTIC: [8] Use of undefined constant TMPL_PARSE_STRING - assumed 'TMPL_PARSE_STRING' E:\htdocs\readolist\Application\Conf\config.php 第 82 行.
NOTIC: [8] Constant ADMIN_USER already defined E:\htdocs\readolist\Application\Conf\config.php 第 86 行.
NOTIC: [8] Constant MIN_SOFT already defined E:\htdocs\readolist\Application\Conf\config.php 第 88 行.
NOTIC: [8] Constant COVER_BUCKET already defined E:\htdocs\readolist\Application\Conf\config.php 第 91 行.
NOTIC: [8] Constant COVER_OBJECT already defined E:\htdocs\readolist\Application\Conf\config.php 第 92 行.
NOTIC: [8] Constant OSS_ORI_AVATAR already defined E:\htdocs\readolist\Application\Conf\config.php 第 95 行.
NOTIC: [8] Constant OSS_AVATAR already defined E:\htdocs\readolist\Application\Conf\config.php 第 96 行.
NOTIC: [8] Constant OSS_AVATAR_RULE already defined E:\htdocs\readolist\Application\Conf\config.php 第 97 行.
NOTIC: [8] Constant OSS_NOTE_RULE already defined E:\htdocs\readolist\Application\Conf\config.php 第 98 行.
NOTIC: [8] Constant OSS_COVER already defined E:\htdocs\readolist\Application\Conf\config.php 第 101 行.
NOTIC: [8] Constant OSS_COVER_RULE already defined E:\htdocs\readolist\Application\Conf\config.php 第 102 行.
NOTIC: [8] Constant SMS_APP_ID already defined E:\htdocs\readolist\Application\Conf\config.php 第 105 行.
NOTIC: [8] Constant SMS_APP_SECRTE already defined E:\htdocs\readolist\Application\Conf\config.php 第 106 行.
NOTIC: [8] Constant RETURN_URL already defined E:\htdocs\readolist\Application\Conf\config.php 第 107 行.
NOTIC: [8] Constant MY_SUPER_KEY already defined E:\htdocs\readolist\Application\Conf\config.php 第 109 行.
INFO: [ app_begin ] --START--
INFO: ReadHtmlCache Behavior ::run [ RunTime:0.000682s ]
INFO: [ app_begin ] --END-- [ RunTime:0.000793s ]

[ 2015-12-16T18:58:13+08:00 ] 127.0.0.1 /push
INFO: [ route_check ] --START--
INFO: CheckRoute Behavior ::run [ RunTime:0.001399s ]
INFO: [ route_check ] --END-- [ RunTime:0.001545s ]
NOTIC: [8] Use of undefined constant TMPL_PARSE_STRING - assumed 'TMPL_PARSE_STRING' E:\htdocs\readolist\Application\Conf\config.php 第 82 行.
NOTIC: [8] Constant ADMIN_USER already defined E:\htdocs\readolist\Application\Conf\config.php 第 86 行.
NOTIC: [8] Constant MIN_SOFT already defined E:\htdocs\readolist\Application\Conf\config.php 第 88 行.
NOTIC: [8] Constant COVER_BUCKET already defined E:\htdocs\readolist\Application\Conf\config.php 第 91 行.
NOTIC: [8] Constant COVER_OBJECT already defined E:\htdocs\readolist\Application\Conf\config.php 第 92 行.
NOTIC: [8] Constant OSS_ORI_AVATAR already defined E:\htdocs\readolist\Application\Conf\config.php 第 95 行.
NOTIC: [8] Constant OSS_AVATAR already defined E:\htdocs\readolist\Application\Conf\config.php 第 96 行.
NOTIC: [8] Constant OSS_AVATAR_RULE already defined E:\htdocs\readolist\Application\Conf\config.php 第 97 行.
NOTIC: [8] Constant OSS_NOTE_RULE already defined E:\htdocs\readolist\Application\Conf\config.php 第 98 行.
NOTIC: [8] Constant OSS_COVER already defined E:\htdocs\readolist\Application\Conf\config.php 第 101 行.
NOTIC: [8] Constant OSS_COVER_RULE already defined E:\htdocs\readolist\Application\Conf\config.php 第 102 行.
NOTIC: [8] Constant SMS_APP_ID already defined E:\htdocs\readolist\Application\Conf\config.php 第 105 行.
NOTIC: [8] Constant SMS_APP_SECRTE already defined E:\htdocs\readolist\Application\Conf\config.php 第 106 行.
NOTIC: [8] Constant RETURN_URL already defined E:\htdocs\readolist\Application\Conf\config.php 第 107 行.
NOTIC: [8] Constant MY_SUPER_KEY already defined E:\htdocs\readolist\Application\Conf\config.php 第 109 行.
INFO: [ app_begin ] --START--
INFO: ReadHtmlCache Behavior ::run [ RunTime:0.001871s ]
INFO: [ app_begin ] --END-- [ RunTime:0.002001s ]

[ 2015-12-16T18:58:41+08:00 ] 127.0.0.1 /push
INFO: [ route_check ] --START--
INFO: CheckRoute Behavior ::run [ RunTime:0.001144s ]
INFO: [ route_check ] --END-- [ RunTime:0.001263s ]
NOTIC: [8] Use of undefined constant TMPL_PARSE_STRING - assumed 'TMPL_PARSE_STRING' E:\htdocs\readolist\Application\Conf\config.php 第 82 行.
NOTIC: [8] Constant ADMIN_USER already defined E:\htdocs\readolist\Application\Conf\config.php 第 86 行.
NOTIC: [8] Constant MIN_SOFT already defined E:\htdocs\readolist\Application\Conf\config.php 第 88 行.
NOTIC: [8] Constant COVER_BUCKET already defined E:\htdocs\readolist\Application\Conf\config.php 第 91 行.
NOTIC: [8] Constant COVER_OBJECT already defined E:\htdocs\readolist\Application\Conf\config.php 第 92 行.
NOTIC: [8] Constant OSS_ORI_AVATAR already defined E:\htdocs\readolist\Application\Conf\config.php 第 95 行.
NOTIC: [8] Constant OSS_AVATAR already defined E:\htdocs\readolist\Application\Conf\config.php 第 96 行.
NOTIC: [8] Constant OSS_AVATAR_RULE already defined E:\htdocs\readolist\Application\Conf\config.php 第 97 行.
NOTIC: [8] Constant OSS_NOTE_RULE already defined E:\htdocs\readolist\Application\Conf\config.php 第 98 行.
NOTIC: [8] Constant OSS_COVER already defined E:\htdocs\readolist\Application\Conf\config.php 第 101 行.
NOTIC: [8] Constant OSS_COVER_RULE already defined E:\htdocs\readolist\Application\Conf\config.php 第 102 行.
NOTIC: [8] Constant SMS_APP_ID already defined E:\htdocs\readolist\Application\Conf\config.php 第 105 行.
NOTIC: [8] Constant SMS_APP_SECRTE already defined E:\htdocs\readolist\Application\Conf\config.php 第 106 行.
NOTIC: [8] Constant RETURN_URL already defined E:\htdocs\readolist\Application\Conf\config.php 第 107 行.
NOTIC: [8] Constant MY_SUPER_KEY already defined E:\htdocs\readolist\Application\Conf\config.php 第 109 行.
INFO: [ app_begin ] --START--
INFO: ReadHtmlCache Behavior ::run [ RunTime:0.000611s ]
INFO: [ app_begin ] --END-- [ RunTime:0.000712s ]

[ 2015-12-16T18:59:30+08:00 ] 127.0.0.1 /push
INFO: [ route_check ] --START--
INFO: CheckRoute Behavior ::run [ RunTime:0.001800s ]
INFO: [ route_check ] --END-- [ RunTime:0.001932s ]
NOTIC: [8] Use of undefined constant TMPL_PARSE_STRING - assumed 'TMPL_PARSE_STRING' E:\htdocs\readolist\Application\Conf\config.php 第 82 行.
NOTIC: [8] Constant ADMIN_USER already defined E:\htdocs\readolist\Application\Conf\config.php 第 86 行.
NOTIC: [8] Constant MIN_SOFT already defined E:\htdocs\readolist\Application\Conf\config.php 第 88 行.
NOTIC: [8] Constant COVER_BUCKET already defined E:\htdocs\readolist\Application\Conf\config.php 第 91 行.
NOTIC: [8] Constant COVER_OBJECT already defined E:\htdocs\readolist\Application\Conf\config.php 第 92 行.
NOTIC: [8] Constant OSS_ORI_AVATAR already defined E:\htdocs\readolist\Application\Conf\config.php 第 95 行.
NOTIC: [8] Constant OSS_AVATAR already defined E:\htdocs\readolist\Application\Conf\config.php 第 96 行.
NOTIC: [8] Constant OSS_AVATAR_RULE already defined E:\htdocs\readolist\Application\Conf\config.php 第 97 行.
NOTIC: [8] Constant OSS_NOTE_RULE already defined E:\htdocs\readolist\Application\Conf\config.php 第 98 行.
NOTIC: [8] Constant OSS_COVER already defined E:\htdocs\readolist\Application\Conf\config.php 第 101 行.
NOTIC: [8] Constant OSS_COVER_RULE already defined E:\htdocs\readolist\Application\Conf\config.php 第 102 行.
NOTIC: [8] Constant SMS_APP_ID already defined E:\htdocs\readolist\Application\Conf\config.php 第 105 行.
NOTIC: [8] Constant SMS_APP_SECRTE already defined E:\htdocs\readolist\Application\Conf\config.php 第 106 行.
NOTIC: [8] Constant RETURN_URL already defined E:\htdocs\readolist\Application\Conf\config.php 第 107 行.
NOTIC: [8] Constant MY_SUPER_KEY already defined E:\htdocs\readolist\Application\Conf\config.php 第 109 行.
INFO: [ app_begin ] --START--
INFO: ReadHtmlCache Behavior ::run [ RunTime:0.000709s ]
INFO: [ app_begin ] --END-- [ RunTime:0.000822s ]

